<?xml version="1.0" encoding="UTF-8"?>
<!-- Generated by org.testng.reporters.JUnitReportReporter -->
<testsuite hostname="user-PC" name="com.guarented.ecommerce.Testplans.SignuppageTestPlan" tests="2" failures="0" timestamp="22 Aug 2017 04:51:30 GMT" time="95.079" errors="0">
  <testcase name="testproductsthroughexcel" time="45.883" classname="com.guarented.ecommerce.Testplans.SignuppageTestPlan"/>
  <testcase name="testproductsthroughexcel" time="49.196" classname="com.guarented.ecommerce.Testplans.SignuppageTestPlan"/>
</testsuite> <!-- com.guarented.ecommerce.Testplans.SignuppageTestPlan -->
